{
  "stats": {
    "suites": 1,
    "tests": 1,
    "passes": 0,
    "pending": 0,
    "failures": 1,
    "start": "2022-02-24T11:13:24.030Z",
    "end": "2022-02-24T11:14:17.243Z",
    "duration": 53213,
    "testsRegistered": 1,
    "passPercent": 0,
    "pendingPercent": 0,
    "other": 0,
    "hasOther": false,
    "skipped": 0,
    "hasSkipped": false
  },
  "results": [
    {
      "uuid": "5355e5d6-7508-457b-b9ee-29bfb4efaf83",
      "title": "",
      "fullFile": "cypress/integration/settings/user-management.spec.js",
      "file": "cypress/integration/settings/user-management.spec.js",
      "beforeHooks": [],
      "afterHooks": [],
      "tests": [],
      "suites": [
        {
          "uuid": "fc4d0d67-e6d9-4c72-9d42-79d07cd27d66",
          "title": "Create/edit/delete user details",
          "fullFile": "",
          "file": "",
          "beforeHooks": [],
          "afterHooks": [],
          "tests": [
            {
              "title": "verify editing user details",
              "fullTitle": "Create/edit/delete user details verify editing user details",
              "timedOut": null,
              "duration": 51269,
              "state": "failed",
              "speed": null,
              "pass": false,
              "fail": true,
              "pending": false,
              "context": null,
              "code": "cy.visit('/users');\ncy.log('click the 1st user in the list');\ncy.get('div>table>tbody>tr:nth-child(1)').click(); //cy.get('#user_role').select('manager')\ncy.get('input[type=\"submit\"]').click();\ncy.get('div#toast-container').should('have.text', \"User was successfully updated.\");",
              "err": {
                "message": "CypressError: Timed out retrying after 30050ms: `cy.click()` failed because this element:\n\n`<tr>...</tr>`\n\nis being covered by another element:\n\n`<div class=\"container-fluid\">...</div>`\n\nFix this problem, or use {force: true} to disable error checking.\n\nhttps://on.cypress.io/element-cannot-be-interacted-with",
                "estack": "CypressError: Timed out retrying after 30050ms: `cy.click()` failed because this element:\n\n`<tr>...</tr>`\n\nis being covered by another element:\n\n`<div class=\"container-fluid\">...</div>`\n\nFix this problem, or use {force: true} to disable error checking.\n\nhttps://on.cypress.io/element-cannot-be-interacted-with\n    at $Cy.ensureDescendents (https://extrusion-os.r-ecosystem.de/__cypress/runner/cypress_runner.js:162943:78)\n    at ensureDescendents (https://extrusion-os.r-ecosystem.de/__cypress/runner/cypress_runner.js:149686:8)\n    at ensureDescendentsAndScroll (https://extrusion-os.r-ecosystem.de/__cypress/runner/cypress_runner.js:149693:14)\n    at ensureElIsNotCovered (https://extrusion-os.r-ecosystem.de/__cypress/runner/cypress_runner.js:149827:5)\n    at runAllChecks (https://extrusion-os.r-ecosystem.de/__cypress/runner/cypress_runner.js:150017:52)\n    at retryActionability (https://extrusion-os.r-ecosystem.de/__cypress/runner/cypress_runner.js:150041:16)\n    at tryCatcher (https://extrusion-os.r-ecosystem.de/__cypress/runner/cypress_runner.js:13196:23)\n    at Function.Promise.attempt.Promise.try (https://extrusion-os.r-ecosystem.de/__cypress/runner/cypress_runner.js:10470:29)\n    at whenStable (https://extrusion-os.r-ecosystem.de/__cypress/runner/cypress_runner.js:167668:63)\n    at https://extrusion-os.r-ecosystem.de/__cypress/runner/cypress_runner.js:167165:14\n    at tryCatcher (https://extrusion-os.r-ecosystem.de/__cypress/runner/cypress_runner.js:13196:23)\n    at Promise._settlePromiseFromHandler (https://extrusion-os.r-ecosystem.de/__cypress/runner/cypress_runner.js:11131:31)\n    at Promise._settlePromise (https://extrusion-os.r-ecosystem.de/__cypress/runner/cypress_runner.js:11188:18)\n    at Promise._settlePromise0 (https://extrusion-os.r-ecosystem.de/__cypress/runner/cypress_runner.js:11233:10)\n    at Promise._settlePromises (https://extrusion-os.r-ecosystem.de/__cypress/runner/cypress_runner.js:11313:18)\n    at Promise._fulfill (https://extrusion-os.r-ecosystem.de/__cypress/runner/cypress_runner.js:11257:18)\nFrom Your Spec Code:\n    at Context.eval (https://extrusion-os.r-ecosystem.de/__cypress/tests?p=cypress\\integration\\settings\\user-management.spec.js:121:47)",
                "diff": null
              },
              "uuid": "b47c2e59-d5ba-4a04-adc2-3b0cb2b1a664",
              "parentUUID": "fc4d0d67-e6d9-4c72-9d42-79d07cd27d66",
              "isHook": false,
              "skipped": false
            }
          ],
          "suites": [],
          "passes": [],
          "failures": [
            "b47c2e59-d5ba-4a04-adc2-3b0cb2b1a664"
          ],
          "pending": [],
          "skipped": [],
          "duration": 51269,
          "root": false,
          "rootEmpty": false,
          "_timeout": 2000
        }
      ],
      "passes": [],
      "failures": [],
      "pending": [],
      "skipped": [],
      "duration": 0,
      "root": true,
      "rootEmpty": true,
      "_timeout": 2000
    }
  ],
  "meta": {
    "mocha": {
      "version": "7.0.1"
    },
    "mochawesome": {
      "options": {
        "quiet": false,
        "reportFilename": "report",
        "saveHtml": true,
        "saveJson": true,
        "consoleReporter": "spec",
        "useInlineDiffs": false,
        "code": true
      },
      "version": "6.1.1"
    },
    "marge": {
      "options": {
        "reportDir": "cypress/reports",
        "reportFilename": "report",
        "charts": true,
        "overwrite": true,
        "html": true,
        "json": true
      },
      "version": "5.1.0"
    }
  }
}